{"C:\\Users\\ShandlaniIN\\Projects\\Personal\\RN\\expo\\videos-app\\App.tsx": {"path":"C:\\Users\\ShandlaniIN\\Projects\\Personal\\RN\\expo\\videos-app\\App.tsx","statementMap":{"0":{"start":{"line":10,"column":14},"end":{"line":10,"column":42}},"1":{"start":{"line":14,"column":2},"end":{"line":32,"column":3}},"2":{"start":{"line":24,"column":41},"end":{"line":27,"column":17}},"3":{"start":{"line":36,"column":2},"end":{"line":43,"column":4}},"4":{"start":{"line":46,"column":15},"end":{"line":53,"column":2}}},"fnMap":{"0":{"name":"RootStack","decl":{"start":{"line":13,"column":9},"end":{"line":13,"column":18}},"loc":{"start":{"line":13,"column":21},"end":{"line":33,"column":1}},"line":13},"1":{"name":"(anonymous_1)","decl":{"start":{"line":24,"column":23},"end":{"line":24,"column":24}},"loc":{"start":{"line":24,"column":41},"end":{"line":27,"column":17}},"line":24},"2":{"name":"App","decl":{"start":{"line":35,"column":24},"end":{"line":35,"column":27}},"loc":{"start":{"line":35,"column":30},"end":{"line":44,"column":1}},"line":35}},"branchMap":{},"s":{"0":0,"1":0,"2":0,"3":0,"4":0},"f":{"0":0,"1":0,"2":0},"b":{}}
,"C:\\Users\\ShandlaniIN\\Projects\\Personal\\RN\\expo\\videos-app\\index.ts": {"path":"C:\\Users\\ShandlaniIN\\Projects\\Personal\\RN\\expo\\videos-app\\index.ts","statementMap":{"0":{"start":{"line":8,"column":0},"end":{"line":8,"column":27}}},"fnMap":{},"branchMap":{},"s":{"0":0},"f":{},"b":{}}
,"C:\\Users\\ShandlaniIN\\Projects\\Personal\\RN\\expo\\videos-app\\metro.config.js": {"path":"C:\\Users\\ShandlaniIN\\Projects\\Personal\\RN\\expo\\videos-app\\metro.config.js","statementMap":{"0":{"start":{"line":2,"column":29},"end":{"line":2,"column":57}},"1":{"start":{"line":5,"column":15},"end":{"line":5,"column":42}},"2":{"start":{"line":7,"column":0},"end":{"line":7,"column":24}}},"fnMap":{},"branchMap":{},"s":{"0":0,"1":0,"2":0},"f":{},"b":{}}
,"C:\\Users\\ShandlaniIN\\Projects\\Personal\\RN\\expo\\videos-app\\screens\\Home.tsx": {"path":"C:\\Users\\ShandlaniIN\\Projects\\Personal\\RN\\expo\\videos-app\\screens\\Home.tsx","statementMap":{"0":{"start":{"line":13,"column":23},"end":{"line":13,"column":38}},"1":{"start":{"line":14,"column":25},"end":{"line":51,"column":5}},"2":{"start":{"line":53,"column":44},"end":{"line":53,"column":69}},"3":{"start":{"line":56,"column":19},"end":{"line":59,"column":6}},"4":{"start":{"line":57,"column":8},"end":{"line":57,"column":27}},"5":{"start":{"line":58,"column":8},"end":{"line":58,"column":22}},"6":{"start":{"line":62,"column":25},"end":{"line":64,"column":6}},"7":{"start":{"line":65,"column":32},"end":{"line":65,"column":47}},"8":{"start":{"line":68,"column":4},"end":{"line":104,"column":11}},"9":{"start":{"line":69,"column":8},"end":{"line":71,"column":11}},"10":{"start":{"line":70,"column":12},"end":{"line":70,"column":64}},"11":{"start":{"line":73,"column":34},"end":{"line":81,"column":10}},"12":{"start":{"line":74,"column":12},"end":{"line":74,"column":28}},"13":{"start":{"line":76,"column":12},"end":{"line":78,"column":21}},"14":{"start":{"line":77,"column":16},"end":{"line":77,"column":36}},"15":{"start":{"line":80,"column":12},"end":{"line":80,"column":48}},"16":{"start":{"line":83,"column":34},"end":{"line":88,"column":10}},"17":{"start":{"line":84,"column":12},"end":{"line":87,"column":13}},"18":{"start":{"line":86,"column":16},"end":{"line":86,"column":42}},"19":{"start":{"line":90,"column":34},"end":{"line":95,"column":10}},"20":{"start":{"line":91,"column":12},"end":{"line":93,"column":13}},"21":{"start":{"line":92,"column":16},"end":{"line":92,"column":43}},"22":{"start":{"line":94,"column":12},"end":{"line":94,"column":26}},"23":{"start":{"line":97,"column":8},"end":{"line":97,"column":28}},"24":{"start":{"line":99,"column":8},"end":{"line":103,"column":10}},"25":{"start":{"line":100,"column":12},"end":{"line":100,"column":32}},"26":{"start":{"line":101,"column":12},"end":{"line":101,"column":32}},"27":{"start":{"line":102,"column":12},"end":{"line":102,"column":32}},"28":{"start":{"line":105,"column":4},"end":{"line":147,"column":5}},"29":{"start":{"line":123,"column":28},"end":{"line":141,"column":33}},"30":{"start":{"line":125,"column":32},"end":{"line":125,"column":73}},"31":{"start":{"line":126,"column":32},"end":{"line":126,"column":55}}},"fnMap":{"0":{"name":"Home","decl":{"start":{"line":12,"column":24},"end":{"line":12,"column":28}},"loc":{"start":{"line":12,"column":31},"end":{"line":148,"column":1}},"line":12},"1":{"name":"(anonymous_1)","decl":{"start":{"line":56,"column":57},"end":{"line":56,"column":58}},"loc":{"start":{"line":56,"column":67},"end":{"line":59,"column":5}},"line":56},"2":{"name":"(anonymous_2)","decl":{"start":{"line":68,"column":14},"end":{"line":68,"column":15}},"loc":{"start":{"line":68,"column":20},"end":{"line":104,"column":5}},"line":68},"3":{"name":"(anonymous_3)","decl":{"start":{"line":69,"column":38},"end":{"line":69,"column":39}},"loc":{"start":{"line":69,"column":57},"end":{"line":71,"column":9}},"line":69},"4":{"name":"(anonymous_4)","decl":{"start":{"line":73,"column":86},"end":{"line":73,"column":87}},"loc":{"start":{"line":73,"column":92},"end":{"line":81,"column":9}},"line":73},"5":{"name":"(anonymous_5)","decl":{"start":{"line":76,"column":23},"end":{"line":76,"column":24}},"loc":{"start":{"line":76,"column":29},"end":{"line":78,"column":13}},"line":76},"6":{"name":"(anonymous_6)","decl":{"start":{"line":83,"column":86},"end":{"line":83,"column":87}},"loc":{"start":{"line":83,"column":92},"end":{"line":88,"column":9}},"line":83},"7":{"name":"(anonymous_7)","decl":{"start":{"line":90,"column":86},"end":{"line":90,"column":87}},"loc":{"start":{"line":90,"column":92},"end":{"line":95,"column":9}},"line":90},"8":{"name":"(anonymous_8)","decl":{"start":{"line":99,"column":15},"end":{"line":99,"column":16}},"loc":{"start":{"line":99,"column":21},"end":{"line":103,"column":9}},"line":99},"9":{"name":"(anonymous_9)","decl":{"start":{"line":122,"column":42},"end":{"line":122,"column":43}},"loc":{"start":{"line":123,"column":28},"end":{"line":141,"column":33}},"line":123},"10":{"name":"(anonymous_10)","decl":{"start":{"line":123,"column":65},"end":{"line":123,"column":66}},"loc":{"start":{"line":123,"column":71},"end":{"line":129,"column":29}},"line":123}},"branchMap":{"0":{"loc":{"start":{"line":84,"column":12},"end":{"line":87,"column":13}},"type":"if","locations":[{"start":{"line":84,"column":12},"end":{"line":87,"column":13}},{"start":{},"end":{}}],"line":84},"1":{"loc":{"start":{"line":91,"column":12},"end":{"line":93,"column":13}},"type":"if","locations":[{"start":{"line":91,"column":12},"end":{"line":93,"column":13}},{"start":{},"end":{}}],"line":91}},"s":{"0":0,"1":0,"2":0,"3":0,"4":0,"5":0,"6":0,"7":0,"8":0,"9":0,"10":0,"11":0,"12":0,"13":0,"14":0,"15":0,"16":0,"17":0,"18":0,"19":0,"20":0,"21":0,"22":0,"23":0,"24":0,"25":0,"26":0,"27":0,"28":0,"29":0,"30":0,"31":0},"f":{"0":0,"1":0,"2":0,"3":0,"4":0,"5":0,"6":0,"7":0,"8":0,"9":0,"10":0},"b":{"0":[0,0],"1":[0,0]}}
,"C:\\Users\\ShandlaniIN\\Projects\\Personal\\RN\\expo\\videos-app\\screens\\Landing.tsx": {"path":"C:\\Users\\ShandlaniIN\\Projects\\Personal\\RN\\expo\\videos-app\\screens\\Landing.tsx","statementMap":{"0":{"start":{"line":14,"column":23},"end":{"line":14,"column":85}},"1":{"start":{"line":17,"column":8},"end":{"line":21,"column":9}},"2":{"start":{"line":18,"column":12},"end":{"line":18,"column":61}},"3":{"start":{"line":20,"column":12},"end":{"line":20,"column":26}},"4":{"start":{"line":24,"column":4},"end":{"line":69,"column":5}},"5":{"start":{"line":31,"column":57},"end":{"line":31,"column":78}}},"fnMap":{"0":{"name":"Landing","decl":{"start":{"line":13,"column":24},"end":{"line":13,"column":31}},"loc":{"start":{"line":13,"column":34},"end":{"line":70,"column":1}},"line":13},"1":{"name":"handleClick","decl":{"start":{"line":16,"column":13},"end":{"line":16,"column":24}},"loc":{"start":{"line":16,"column":35},"end":{"line":22,"column":5}},"line":16},"2":{"name":"(anonymous_2)","decl":{"start":{"line":31,"column":51},"end":{"line":31,"column":52}},"loc":{"start":{"line":31,"column":57},"end":{"line":31,"column":78}},"line":31},"3":{"name":"(anonymous_3)","decl":{"start":{"line":38,"column":51},"end":{"line":38,"column":52}},"loc":{"start":{"line":38,"column":57},"end":{"line":38,"column":60}},"line":38},"4":{"name":"(anonymous_4)","decl":{"start":{"line":45,"column":51},"end":{"line":45,"column":52}},"loc":{"start":{"line":45,"column":57},"end":{"line":45,"column":60}},"line":45},"5":{"name":"(anonymous_5)","decl":{"start":{"line":52,"column":65},"end":{"line":52,"column":66}},"loc":{"start":{"line":52,"column":71},"end":{"line":52,"column":74}},"line":52},"6":{"name":"(anonymous_6)","decl":{"start":{"line":59,"column":51},"end":{"line":59,"column":52}},"loc":{"start":{"line":59,"column":57},"end":{"line":59,"column":60}},"line":59}},"branchMap":{},"s":{"0":1,"1":0,"2":0,"3":0,"4":1,"5":0},"f":{"0":1,"1":0,"2":0,"3":0,"4":0,"5":0,"6":0},"b":{},"_coverageSchema":"1a1c01bbd47fc00a2c39e90264f33305004495a9","hash":"fee67eb4e8ec7f822d52adeef2b97f458d0cbef4"}
,"C:\\Users\\ShandlaniIN\\Projects\\Personal\\RN\\expo\\videos-app\\shared\\constants.ts": {"path":"C:\\Users\\ShandlaniIN\\Projects\\Personal\\RN\\expo\\videos-app\\shared\\constants.ts","statementMap":{"0":{"start":{"line":1,"column":25},"end":{"line":5,"column":1}}},"fnMap":{},"branchMap":{},"s":{"0":1},"f":{},"b":{},"_coverageSchema":"1a1c01bbd47fc00a2c39e90264f33305004495a9","hash":"1388e2d37b4e112ba970989711b9875e2f90d3c0"}
,"C:\\Users\\ShandlaniIN\\Projects\\Personal\\RN\\expo\\videos-app\\shared\\functions.ts": {"path":"C:\\Users\\ShandlaniIN\\Projects\\Personal\\RN\\expo\\videos-app\\shared\\functions.ts","statementMap":{},"fnMap":{},"branchMap":{},"s":{},"f":{},"b":{}}
}
